{
  "stats": {
    "suites": 1,
    "tests": 3,
    "passes": 3,
    "pending": 0,
    "failures": 0,
    "start": "2021-04-22T04:28:14.400Z",
    "end": "2021-04-22T04:28:56.140Z",
    "duration": 41740,
    "testsRegistered": 3,
    "passPercent": 100,
    "pendingPercent": 0,
    "other": 0,
    "hasOther": false,
    "skipped": 0,
    "hasSkipped": false
  },
  "results": [
    {
      "uuid": "952dd451-5d77-4855-9250-b5c15d1e6b60",
      "title": "",
      "fullFile": "cypress/integration/compras_massa.spec.js",
      "file": "cypress/integration/compras_massa.spec.js",
      "beforeHooks": [],
      "afterHooks": [],
      "tests": [],
      "suites": [
        {
          "uuid": "e71e5519-b0cc-4e2b-8622-0499f8ae776a",
          "title": "Compra",
          "fullFile": "",
          "file": "",
          "beforeHooks": [],
          "afterHooks": [],
          "tests": [
            {
              "title": "Compras com Massa de Testes - Produto 3",
              "fullTitle": "Compra Compras com Massa de Testes - Produto 3",
              "timedOut": null,
              "duration": 15722,
              "state": "passed",
              "speed": "slow",
              "pass": true,
              "fail": false,
              "pending": false,
              "context": null,
              "code": "cy.visit('/');\ncy.get('div[class^=\"login\"]').should('contain.text', 'Olá, Entre '); //Pesquisa do produto através da massa de testes\ncy.fixture('produtos').then(function (user) {\n  cy.get('.inputPesquisa').type(user.produto3);\n}); //Pesquisando o produto\ncy.get('.button-search').click(); //Validando o tipo de pesquisa\ncy.get('[class$=\"nomeCategoria\"]').should('contain.text', 'resultados para \"coleira\"'); //Escolhendo o produto através do resultado\ncy.get('a[data-idproduto=\"151823\"]').click(); //Adicionando o produto no carrinho de compras\ncy.get('button[class$=\"btn-redondo-verde\"]').click(); //Validando se o produto está na tela Meu Carrinho\ncy.get('th[class=\"minha-sacola\"]').should('contain.text', 'Meu Carrinho'); //Validação do produto no carrinho\ncy.get('td[class=\"td-resumo\"]').should('contain.text', 'Coleira Petz Azul para Gatos'); //Validação da Quantidade\ncy.get('input[value=\"1\"]').should('contain.value', '1'); //Validação do Valor Total\ncy.get('td[class=\"total\"]').should('contain.text', 'R$ 29,99');\ncy.screenshot();",
              "err": {},
              "uuid": "ce8848f5-c296-4e00-ade6-6b94cd692a03",
              "parentUUID": "e71e5519-b0cc-4e2b-8622-0499f8ae776a",
              "isHook": false,
              "skipped": false
            },
            {
              "title": "Compras com Massa de Testes - Produto 1",
              "fullTitle": "Compra Compras com Massa de Testes - Produto 1",
              "timedOut": null,
              "duration": 12811,
              "state": "passed",
              "speed": "slow",
              "pass": true,
              "fail": false,
              "pending": false,
              "context": null,
              "code": "cy.visit('/');\ncy.get('div[class^=\"login\"]').should('contain.text', 'Olá, Entre '); //Pesquisa do produto através da massa de testes\ncy.fixture('produtos').then(function (user) {\n  cy.get('.inputPesquisa').type(user.produto1);\n}); //Pesquisando o produto\ncy.get('.button-search').click(); //Validando o tipo de pesquisa\ncy.get('[class$=\"nomeCategoria\"]').should('contain.text', 'resultados para \"tapete\"'); //Escolhendo o produto através do resultado\ncy.get('a[data-idproduto=\"162342\"]').click(); //Adicionando o produto no carrinho de compras\ncy.get('button[class$=\"btn-redondo-verde\"]').click(); //Validando se o produto está na tela Meu Carrinho\ncy.get('th[class=\"minha-sacola\"]').should('contain.text', 'Meu Carrinho'); //Validação do produto no carrinho\ncy.get('td[class=\"td-resumo\"]').should('contain.text', 'Tapete Petz Limpa Patas para Gatos'); //Validação da Quantidade\ncy.get('input[value=\"1\"]').should('contain.value', '1'); //Validação do Valor Total\ncy.get('td[class=\"total\"]').should('contain.text', 'R$ 59,99');\ncy.screenshot();",
              "err": {},
              "uuid": "bce38e89-af66-413c-ada9-b050e013f932",
              "parentUUID": "e71e5519-b0cc-4e2b-8622-0499f8ae776a",
              "isHook": false,
              "skipped": false
            },
            {
              "title": "Compras com Massa de Testes - Produto 8",
              "fullTitle": "Compra Compras com Massa de Testes - Produto 8",
              "timedOut": null,
              "duration": 13062,
              "state": "passed",
              "speed": "slow",
              "pass": true,
              "fail": false,
              "pending": false,
              "context": null,
              "code": "cy.visit('/');\ncy.get('div[class^=\"login\"]').should('contain.text', 'Olá, Entre '); //Pesquisa do produto através da massa de testes\ncy.fixture('produtos').then(function (user) {\n  cy.get('.inputPesquisa').type(user.produto8);\n}); //Pesquisando o produto\ncy.get('.button-search').click(); //Validando o tipo de pesquisa\ncy.get('[class$=\"nomeCategoria\"]').should('contain.text', 'resultados para \"snack\"'); //Escolhendo o produto através do resultado\ncy.get('a[data-idproduto=\"154716\"]').click(); //Adicionando o produto no carrinho de compras\ncy.get('button[class$=\"btn-redondo-verde\"]').click(); //Validando se o produto está na tela Meu Carrinho\ncy.get('th[class=\"minha-sacola\"]').should('contain.text', 'Meu Carrinho'); //Validação do produto no carrinho\ncy.get('td[class=\"td-resumo\"]').should('contain.text', 'Snack Petz Acerola, Graviola e Banana para Cães'); //Validação da Quantidade\ncy.get('input[value=\"1\"]').should('contain.value', '1'); //Validação do Valor Total\ncy.get('td[class=\"total\"]').should('contain.text', 'R$ 5,99');\ncy.screenshot();",
              "err": {},
              "uuid": "70bd214f-cc52-4614-8208-6fda13dce941",
              "parentUUID": "e71e5519-b0cc-4e2b-8622-0499f8ae776a",
              "isHook": false,
              "skipped": false
            }
          ],
          "suites": [],
          "passes": [
            "ce8848f5-c296-4e00-ade6-6b94cd692a03",
            "bce38e89-af66-413c-ada9-b050e013f932",
            "70bd214f-cc52-4614-8208-6fda13dce941"
          ],
          "failures": [],
          "pending": [],
          "skipped": [],
          "duration": 41595,
          "root": false,
          "rootEmpty": false,
          "_timeout": 2000
        }
      ],
      "passes": [],
      "failures": [],
      "pending": [],
      "skipped": [],
      "duration": 0,
      "root": true,
      "rootEmpty": true,
      "_timeout": 2000
    }
  ],
  "meta": {
    "mocha": {
      "version": "7.0.1"
    },
    "mochawesome": {
      "options": {
        "quiet": true,
        "reportFilename": "mochawesome",
        "saveHtml": false,
        "saveJson": true,
        "consoleReporter": "spec",
        "useInlineDiffs": false,
        "code": true
      },
      "version": "6.2.2"
    },
    "marge": {
      "options": {
        "id": "default",
        "reportDir": "mochawesome-report",
        "quiet": true,
        "overwrite": false,
        "html": false,
        "json": true
      },
      "version": "5.2.0"
    }
  }
}