{
  "stats": {
    "suites": 1,
    "tests": 1,
    "passes": 1,
    "pending": 0,
    "failures": 0,
    "start": "2021-04-19T21:36:11.468Z",
    "end": "2021-04-19T21:37:36.134Z",
    "duration": 84666,
    "testsRegistered": 1,
    "passPercent": 100,
    "pendingPercent": 0,
    "other": 0,
    "hasOther": false,
    "skipped": 0,
    "hasSkipped": false
  },
  "results": [
    {
      "uuid": "ecd90b3c-1574-46ed-b4f6-6990895bf09e",
      "title": "",
      "fullFile": "cypress/integration/compras.spec.js",
      "file": "cypress/integration/compras.spec.js",
      "beforeHooks": [],
      "afterHooks": [],
      "tests": [],
      "suites": [
        {
          "uuid": "0720ae5e-9b6e-48bd-968c-ed6a03b52826",
          "title": "Compra",
          "fullFile": "",
          "file": "",
          "beforeHooks": [],
          "afterHooks": [],
          "tests": [
            {
              "title": "Compras - Simples ",
              "fullTitle": "Compra Compras - Simples ",
              "timedOut": null,
              "duration": 84501,
              "state": "passed",
              "speed": "slow",
              "pass": true,
              "fail": false,
              "pending": false,
              "context": null,
              "code": "cy.visit('/');\ncy.get('div[class^=\"login\"]').should('contain.text', 'Olá, Entre '); //Pesquisando o produto\ncy.get('.inputPesquisa').type('ração');\ncy.get('.button-search').click();\ncy.wait(1000); // Escolhendo o produto\ncy.get('[class$=\"nomeCategoria\"]').should('contain.text', 'resultados para \"ração\"');\ncy.get('a[data-idproduto=\"71805\"]').click(); //Adicionando o produto no carrinho de compras\ncy.get('button[class$=\"btn-redondo-verde\"]').click(); //Validando se o produto está na tela Meu Carrinho\ncy.get('th[class=\"minha-sacola\"]').should('contain.text', 'Meu Carrinho'); //Validação do produto no carrinho\ncy.get('td[class=\"td-resumo\"]').should('contain.text', 'Ração Royal Canin Maxi - Cães Adultos - 15kg - 15kg'); //Validação da Quantidade\ncy.get('input[value=\"1\"]').should('contain.value', '1'); //Validação do Valor Total\ncy.get('td[class=\"total\"]').should('contain.text', 'R$ 249,19');\ncy.screenshot();",
              "err": {},
              "uuid": "906e3d7d-1f0a-435b-9399-a17ce616cbc7",
              "parentUUID": "0720ae5e-9b6e-48bd-968c-ed6a03b52826",
              "isHook": false,
              "skipped": false
            }
          ],
          "suites": [],
          "passes": [
            "906e3d7d-1f0a-435b-9399-a17ce616cbc7"
          ],
          "failures": [],
          "pending": [],
          "skipped": [],
          "duration": 84501,
          "root": false,
          "rootEmpty": false,
          "_timeout": 2000
        }
      ],
      "passes": [],
      "failures": [],
      "pending": [],
      "skipped": [],
      "duration": 0,
      "root": true,
      "rootEmpty": true,
      "_timeout": 2000
    }
  ],
  "meta": {
    "mocha": {
      "version": "7.0.1"
    },
    "mochawesome": {
      "options": {
        "quiet": true,
        "reportFilename": "mochawesome",
        "saveHtml": false,
        "saveJson": true,
        "consoleReporter": "spec",
        "useInlineDiffs": false,
        "code": true
      },
      "version": "6.2.2"
    },
    "marge": {
      "options": {
        "id": "default",
        "reportDir": "mochawesome-report",
        "quiet": true,
        "overwrite": false,
        "html": false,
        "json": true
      },
      "version": "5.2.0"
    }
  }
}