{
  "stats": {
    "suites": 1,
    "tests": 3,
    "passes": 3,
    "pending": 0,
    "failures": 0,
    "start": "2021-04-19T21:30:16.494Z",
    "end": "2021-04-19T21:34:26.261Z",
    "duration": 249767,
    "testsRegistered": 3,
    "passPercent": 100,
    "pendingPercent": 0,
    "other": 0,
    "hasOther": false,
    "skipped": 0,
    "hasSkipped": false
  },
  "results": [
    {
      "uuid": "edde7130-50f7-4652-bcc0-2b533f89c5dc",
      "title": "",
      "fullFile": "cypress/integration/compras_massa.spec.js",
      "file": "cypress/integration/compras_massa.spec.js",
      "beforeHooks": [],
      "afterHooks": [],
      "tests": [],
      "suites": [
        {
          "uuid": "4c0fd7a7-c1b6-4c9e-b6a8-b3a07a8de368",
          "title": "Compra",
          "fullFile": "",
          "file": "",
          "beforeHooks": [],
          "afterHooks": [],
          "tests": [
            {
              "title": "Compras com Massa de Testes - Produto 3",
              "fullTitle": "Compra Compras com Massa de Testes - Produto 3",
              "timedOut": null,
              "duration": 99451,
              "state": "passed",
              "speed": "slow",
              "pass": true,
              "fail": false,
              "pending": false,
              "context": null,
              "code": "cy.visit('/');\ncy.get('div[class^=\"login\"]').should('contain.text', 'Olá, Entre '); //Pesquisa do produto através da massa de testes\ncy.fixture('produtos').then(user => {\n  cy.get('.inputPesquisa').type(user.produto3);\n}); //Pesquisando o produto\ncy.get('.button-search').click(); //Validando o tipo de pesquisa\ncy.get('[class$=\"nomeCategoria\"]').should('contain.text', 'resultados para \"coleira\"'); //Escolhendo o produto através do resultado\ncy.get('a[data-idproduto=\"151823\"]').click(); //Adicionando o produto no carrinho de compras\ncy.get('button[class$=\"btn-redondo-verde\"]').click(); //Validando se o produto está na tela Meu Carrinho\ncy.get('th[class=\"minha-sacola\"]').should('contain.text', 'Meu Carrinho'); //Validação do produto no carrinho\ncy.get('td[class=\"td-resumo\"]').should('contain.text', 'Coleira Petz Azul para Gatos'); //Validação da Quantidade\ncy.get('input[value=\"1\"]').should('contain.value', '1'); //Validação do Valor Total\ncy.get('td[class=\"total\"]').should('contain.text', 'R$ 29,99');\ncy.screenshot();",
              "err": {},
              "uuid": "13a76dc4-6cce-454e-b9f1-192acaca50fa",
              "parentUUID": "4c0fd7a7-c1b6-4c9e-b6a8-b3a07a8de368",
              "isHook": false,
              "skipped": false
            },
            {
              "title": "Compras com Massa de Testes - Produto 1",
              "fullTitle": "Compra Compras com Massa de Testes - Produto 1",
              "timedOut": null,
              "duration": 81929,
              "state": "passed",
              "speed": "slow",
              "pass": true,
              "fail": false,
              "pending": false,
              "context": null,
              "code": "cy.visit('/');\ncy.get('div[class^=\"login\"]').should('contain.text', 'Olá, Entre '); //Pesquisa do produto através da massa de testes\ncy.fixture('produtos').then(user => {\n  cy.get('.inputPesquisa').type(user.produto1);\n}); //Pesquisando o produto\ncy.get('.button-search').click(); //Validando o tipo de pesquisa\ncy.get('[class$=\"nomeCategoria\"]').should('contain.text', 'resultados para \"tapete\"'); //Escolhendo o produto através do resultado\ncy.get('a[data-idproduto=\"162342\"]').click(); //Adicionando o produto no carrinho de compras\ncy.get('button[class$=\"btn-redondo-verde\"]').click(); //Validando se o produto está na tela Meu Carrinho\ncy.get('th[class=\"minha-sacola\"]').should('contain.text', 'Meu Carrinho'); //Validação do produto no carrinho\ncy.get('td[class=\"td-resumo\"]').should('contain.text', 'Tapete Petz Limpa Patas para Gatos'); //Validação da Quantidade\ncy.get('input[value=\"1\"]').should('contain.value', '1'); //Validação do Valor Total\ncy.get('td[class=\"total\"]').should('contain.text', 'R$ 59,99');\ncy.screenshot();",
              "err": {},
              "uuid": "d6508f6a-2d4e-4731-a5d1-af658d94e19c",
              "parentUUID": "4c0fd7a7-c1b6-4c9e-b6a8-b3a07a8de368",
              "isHook": false,
              "skipped": false
            },
            {
              "title": "Compras com Massa de Testes - Produto 8",
              "fullTitle": "Compra Compras com Massa de Testes - Produto 8",
              "timedOut": null,
              "duration": 68192,
              "state": "passed",
              "speed": "slow",
              "pass": true,
              "fail": false,
              "pending": false,
              "context": null,
              "code": "cy.visit('/');\ncy.get('div[class^=\"login\"]').should('contain.text', 'Olá, Entre '); //Pesquisa do produto através da massa de testes\ncy.fixture('produtos').then(user => {\n  cy.get('.inputPesquisa').type(user.produto8);\n}); //Pesquisando o produto\ncy.get('.button-search').click(); //Validando o tipo de pesquisa\ncy.get('[class$=\"nomeCategoria\"]').should('contain.text', 'resultados para \"snack\"'); //Escolhendo o produto através do resultado\ncy.get('a[data-idproduto=\"154716\"]').click(); //Adicionando o produto no carrinho de compras\ncy.get('button[class$=\"btn-redondo-verde\"]').click(); //Validando se o produto está na tela Meu Carrinho\ncy.get('th[class=\"minha-sacola\"]').should('contain.text', 'Meu Carrinho'); //Validação do produto no carrinho\ncy.get('td[class=\"td-resumo\"]').should('contain.text', 'Snack Petz Acerola, Graviola e Banana para Cães'); //Validação da Quantidade\ncy.get('input[value=\"1\"]').should('contain.value', '1'); //Validação do Valor Total\ncy.get('td[class=\"total\"]').should('contain.text', 'R$ 5,99');\ncy.screenshot();",
              "err": {},
              "uuid": "80484211-1abf-4dd7-9aa4-5116ba598665",
              "parentUUID": "4c0fd7a7-c1b6-4c9e-b6a8-b3a07a8de368",
              "isHook": false,
              "skipped": false
            }
          ],
          "suites": [],
          "passes": [
            "13a76dc4-6cce-454e-b9f1-192acaca50fa",
            "d6508f6a-2d4e-4731-a5d1-af658d94e19c",
            "80484211-1abf-4dd7-9aa4-5116ba598665"
          ],
          "failures": [],
          "pending": [],
          "skipped": [],
          "duration": 249572,
          "root": false,
          "rootEmpty": false,
          "_timeout": 2000
        }
      ],
      "passes": [],
      "failures": [],
      "pending": [],
      "skipped": [],
      "duration": 0,
      "root": true,
      "rootEmpty": true,
      "_timeout": 2000
    }
  ],
  "meta": {
    "mocha": {
      "version": "7.0.1"
    },
    "mochawesome": {
      "options": {
        "quiet": true,
        "reportFilename": "mochawesome",
        "saveHtml": false,
        "saveJson": true,
        "consoleReporter": "spec",
        "useInlineDiffs": false,
        "code": true
      },
      "version": "6.2.2"
    },
    "marge": {
      "options": {
        "id": "default",
        "reportDir": "mochawesome-report",
        "quiet": true,
        "overwrite": false,
        "html": false,
        "json": true
      },
      "version": "5.2.0"
    }
  }
}